This is pdfTeX, Version 3.1415926-2.5-1.40.14 (TeX Live 2013) (format=pdflatex 2013.9.3)  22 SEP 2015 14:46
entering extended mode
 \write18 enabled.
 Source specials enabled.
 %&-line parsing enabled.
**MLMIbook.tex
(./MLMIbook.tex
LaTeX2e <2011/06/27>
Babel <3.9f> and hyphenation patterns for 78 languages loaded.
(/res1/software/texlive/current/texmf-dist/tex/latex/base/report.cls
Document Class: report 2007/10/19 v1.4h Standard LaTeX document class
(/res1/software/texlive/current/texmf-dist/tex/latex/base/size10.clo
File: size10.clo 2007/10/19 v1.4h Standard LaTeX file (size option)
)
\c@part=\count79
\c@chapter=\count80
\c@section=\count81
\c@subsection=\count82
\c@subsubsection=\count83
\c@paragraph=\count84
\c@subparagraph=\count85
\c@figure=\count86
\c@table=\count87
\abovecaptionskip=\skip41
\belowcaptionskip=\skip42
\bibindent=\dimen102
)
(./preamble.tex
(/res1/software/texlive/current/texmf-dist/tex/latex/todonotes/todonotes.sty
Package: todonotes 2012/07/25 .dtx Todonotes source and documentation.
Package: todonotes 2012/07/25

(/res1/software/texlive/current/texmf-dist/tex/latex/base/ifthen.sty
Package: ifthen 2001/05/26 v1.1c Standard LaTeX ifthen package (DPC)
)
(/res1/software/texlive/current/texmf-dist/tex/latex/xkeyval/xkeyval.sty
Package: xkeyval 2012/10/14 v2.6b package option processing (HA)

(/res1/software/texlive/current/texmf-dist/tex/generic/xkeyval/xkeyval.tex
\XKV@toks=\toks14
\XKV@tempa@toks=\toks15
\XKV@depth=\count88
File: xkeyval.tex 2012/10/14 v2.6b key=value parser (HA)

(/res1/software/texlive/current/texmf-dist/tex/generic/xkeyval/keyval.tex)))
(/res1/software/texlive/current/texmf-dist/tex/latex/xcolor/xcolor.sty
Package: xcolor 2007/01/21 v2.11 LaTeX color extensions (UK)

(/res1/software/texlive/current/texmf-dist/tex/latex/latexconfig/color.cfg
File: color.cfg 2007/01/18 v1.5 color configuration of teTeX/TeXLive
)
Package xcolor Info: Driver file: pdftex.def on input line 225.

(/res1/software/texlive/current/texmf-dist/tex/latex/pdftex-def/pdftex.def
File: pdftex.def 2011/05/27 v0.06d Graphics/color for pdfTeX

(/res1/software/texlive/current/texmf-dist/tex/generic/oberdiek/infwarerr.sty
Package: infwarerr 2010/04/08 v1.3 Providing info/warning/error messages (HO)
)
(/res1/software/texlive/current/texmf-dist/tex/generic/oberdiek/ltxcmds.sty
Package: ltxcmds 2011/11/09 v1.22 LaTeX kernel commands for general use (HO)
)
\Gread@gobject=\count89
)
Package xcolor Info: Model `cmy' substituted by `cmy0' on input line 1337.
Package xcolor Info: Model `hsb' substituted by `rgb' on input line 1341.
Package xcolor Info: Model `RGB' extended on input line 1353.
Package xcolor Info: Model `HTML' substituted by `rgb' on input line 1355.
Package xcolor Info: Model `Hsb' substituted by `hsb' on input line 1356.
Package xcolor Info: Model `tHsb' substituted by `hsb' on input line 1357.
Package xcolor Info: Model `HSB' substituted by `hsb' on input line 1358.
Package xcolor Info: Model `Gray' substituted by `gray' on input line 1359.
Package xcolor Info: Model `wave' substituted by `hsb' on input line 1360.
)
(/res1/software/texlive/current/texmf-dist/tex/latex/pgf/frontendlayer/tikz.sty
(/res1/software/texlive/current/texmf-dist/tex/latex/pgf/basiclayer/pgf.sty
(/res1/software/texlive/current/texmf-dist/tex/latex/pgf/utilities/pgfrcs.sty
(/res1/software/texlive/current/texmf-dist/tex/generic/pgf/utilities/pgfutil-co
mmon.tex
\pgfutil@everybye=\toks16
)
(/res1/software/texlive/current/texmf-dist/tex/generic/pgf/utilities/pgfutil-la
tex.def
\pgfutil@abb=\box26
 (/res1/software/texlive/current/texmf-dist/tex/latex/ms/everyshi.sty
Package: everyshi 2001/05/15 v3.00 EveryShipout Package (MS)
))
(/res1/software/texlive/current/texmf-dist/tex/generic/pgf/utilities/pgfrcs.cod
e.tex
Package: pgfrcs 2010/10/25 v2.10 (rcs-revision 1.24)
))
Package: pgf 2008/01/15 v2.10 (rcs-revision 1.12)

(/res1/software/texlive/current/texmf-dist/tex/latex/pgf/basiclayer/pgfcore.sty
(/res1/software/texlive/current/texmf-dist/tex/latex/graphics/graphicx.sty
Package: graphicx 1999/02/16 v1.0f Enhanced LaTeX Graphics (DPC,SPQR)

(/res1/software/texlive/current/texmf-dist/tex/latex/graphics/graphics.sty
Package: graphics 2009/02/05 v1.0o Standard LaTeX Graphics (DPC,SPQR)

(/res1/software/texlive/current/texmf-dist/tex/latex/graphics/trig.sty
Package: trig 1999/03/16 v1.09 sin cos tan (DPC)
)
(/res1/software/texlive/current/texmf-dist/tex/latex/latexconfig/graphics.cfg
File: graphics.cfg 2010/04/23 v1.9 graphics configuration of TeX Live
)
Package graphics Info: Driver file: pdftex.def on input line 91.
)
\Gin@req@height=\dimen103
\Gin@req@width=\dimen104
)
(/res1/software/texlive/current/texmf-dist/tex/latex/pgf/systemlayer/pgfsys.sty

(/res1/software/texlive/current/texmf-dist/tex/generic/pgf/systemlayer/pgfsys.c
ode.tex
Package: pgfsys 2010/06/30 v2.10 (rcs-revision 1.37)

(/res1/software/texlive/current/texmf-dist/tex/generic/pgf/utilities/pgfkeys.co
de.tex
\pgfkeys@pathtoks=\toks17
\pgfkeys@temptoks=\toks18

(/res1/software/texlive/current/texmf-dist/tex/generic/pgf/utilities/pgfkeysfil
tered.code.tex
\pgfkeys@tmptoks=\toks19
))
\pgf@x=\dimen105
\pgf@y=\dimen106
\pgf@xa=\dimen107
\pgf@ya=\dimen108
\pgf@xb=\dimen109
\pgf@yb=\dimen110
\pgf@xc=\dimen111
\pgf@yc=\dimen112
\w@pgf@writea=\write3
\r@pgf@reada=\read1
\c@pgf@counta=\count90
\c@pgf@countb=\count91
\c@pgf@countc=\count92
\c@pgf@countd=\count93

(/res1/software/texlive/current/texmf-dist/tex/generic/pgf/systemlayer/pgf.cfg
File: pgf.cfg 2008/05/14  (rcs-revision 1.7)
)
Package pgfsys Info: Driver file for pgf: pgfsys-pdftex.def on input line 900.

(/res1/software/texlive/current/texmf-dist/tex/generic/pgf/systemlayer/pgfsys-p
dftex.def
File: pgfsys-pdftex.def 2009/05/22  (rcs-revision 1.26)

(/res1/software/texlive/current/texmf-dist/tex/generic/pgf/systemlayer/pgfsys-c
ommon-pdf.def
File: pgfsys-common-pdf.def 2008/05/19  (rcs-revision 1.10)
)))
(/res1/software/texlive/current/texmf-dist/tex/generic/pgf/systemlayer/pgfsysso
ftpath.code.tex
File: pgfsyssoftpath.code.tex 2008/07/18  (rcs-revision 1.7)
\pgfsyssoftpath@smallbuffer@items=\count94
\pgfsyssoftpath@bigbuffer@items=\count95
)
(/res1/software/texlive/current/texmf-dist/tex/generic/pgf/systemlayer/pgfsyspr
otocol.code.tex
File: pgfsysprotocol.code.tex 2006/10/16  (rcs-revision 1.4)
))
(/res1/software/texlive/current/texmf-dist/tex/generic/pgf/basiclayer/pgfcore.c
ode.tex
Package: pgfcore 2010/04/11 v2.10 (rcs-revision 1.7)

(/res1/software/texlive/current/texmf-dist/tex/generic/pgf/math/pgfmath.code.te
x
(/res1/software/texlive/current/texmf-dist/tex/generic/pgf/math/pgfmathcalc.cod
e.tex
(/res1/software/texlive/current/texmf-dist/tex/generic/pgf/math/pgfmathutil.cod
e.tex)
(/res1/software/texlive/current/texmf-dist/tex/generic/pgf/math/pgfmathparser.c
ode.tex
\pgfmath@dimen=\dimen113
\pgfmath@count=\count96
\pgfmath@box=\box27
\pgfmath@toks=\toks20
\pgfmath@stack@operand=\toks21
\pgfmath@stack@operation=\toks22
)
(/res1/software/texlive/current/texmf-dist/tex/generic/pgf/math/pgfmathfunction
s.code.tex
(/res1/software/texlive/current/texmf-dist/tex/generic/pgf/math/pgfmathfunction
s.basic.code.tex)
(/res1/software/texlive/current/texmf-dist/tex/generic/pgf/math/pgfmathfunction
s.trigonometric.code.tex)
(/res1/software/texlive/current/texmf-dist/tex/generic/pgf/math/pgfmathfunction
s.random.code.tex)
(/res1/software/texlive/current/texmf-dist/tex/generic/pgf/math/pgfmathfunction
s.comparison.code.tex)
(/res1/software/texlive/current/texmf-dist/tex/generic/pgf/math/pgfmathfunction
s.base.code.tex)
(/res1/software/texlive/current/texmf-dist/tex/generic/pgf/math/pgfmathfunction
s.round.code.tex)
(/res1/software/texlive/current/texmf-dist/tex/generic/pgf/math/pgfmathfunction
s.misc.code.tex)))
(/res1/software/texlive/current/texmf-dist/tex/generic/pgf/math/pgfmathfloat.co
de.tex
\c@pgfmathroundto@lastzeros=\count97
))
(/res1/software/texlive/current/texmf-dist/tex/generic/pgf/basiclayer/pgfcorepo
ints.code.tex
File: pgfcorepoints.code.tex 2010/04/09  (rcs-revision 1.20)
\pgf@picminx=\dimen114
\pgf@picmaxx=\dimen115
\pgf@picminy=\dimen116
\pgf@picmaxy=\dimen117
\pgf@pathminx=\dimen118
\pgf@pathmaxx=\dimen119
\pgf@pathminy=\dimen120
\pgf@pathmaxy=\dimen121
\pgf@xx=\dimen122
\pgf@xy=\dimen123
\pgf@yx=\dimen124
\pgf@yy=\dimen125
\pgf@zx=\dimen126
\pgf@zy=\dimen127
)
(/res1/software/texlive/current/texmf-dist/tex/generic/pgf/basiclayer/pgfcorepa
thconstruct.code.tex
File: pgfcorepathconstruct.code.tex 2010/08/03  (rcs-revision 1.24)
\pgf@path@lastx=\dimen128
\pgf@path@lasty=\dimen129
)
(/res1/software/texlive/current/texmf-dist/tex/generic/pgf/basiclayer/pgfcorepa
thusage.code.tex
File: pgfcorepathusage.code.tex 2008/04/22  (rcs-revision 1.12)
\pgf@shorten@end@additional=\dimen130
\pgf@shorten@start@additional=\dimen131
)
(/res1/software/texlive/current/texmf-dist/tex/generic/pgf/basiclayer/pgfcoresc
opes.code.tex
File: pgfcorescopes.code.tex 2010/09/08  (rcs-revision 1.34)
\pgfpic=\box28
\pgf@hbox=\box29
\pgf@layerbox@main=\box30
\pgf@picture@serial@count=\count98
)
(/res1/software/texlive/current/texmf-dist/tex/generic/pgf/basiclayer/pgfcoregr
aphicstate.code.tex
File: pgfcoregraphicstate.code.tex 2008/04/22  (rcs-revision 1.9)
\pgflinewidth=\dimen132
)
(/res1/software/texlive/current/texmf-dist/tex/generic/pgf/basiclayer/pgfcoretr
ansformations.code.tex
File: pgfcoretransformations.code.tex 2009/06/10  (rcs-revision 1.11)
\pgf@pt@x=\dimen133
\pgf@pt@y=\dimen134
\pgf@pt@temp=\dimen135
)
(/res1/software/texlive/current/texmf-dist/tex/generic/pgf/basiclayer/pgfcorequ
ick.code.tex
File: pgfcorequick.code.tex 2008/10/09  (rcs-revision 1.3)
)
(/res1/software/texlive/current/texmf-dist/tex/generic/pgf/basiclayer/pgfcoreob
jects.code.tex
File: pgfcoreobjects.code.tex 2006/10/11  (rcs-revision 1.2)
)
(/res1/software/texlive/current/texmf-dist/tex/generic/pgf/basiclayer/pgfcorepa
thprocessing.code.tex
File: pgfcorepathprocessing.code.tex 2008/10/09  (rcs-revision 1.8)
)
(/res1/software/texlive/current/texmf-dist/tex/generic/pgf/basiclayer/pgfcorear
rows.code.tex
File: pgfcorearrows.code.tex 2008/04/23  (rcs-revision 1.11)
)
(/res1/software/texlive/current/texmf-dist/tex/generic/pgf/basiclayer/pgfcoresh
ade.code.tex
File: pgfcoreshade.code.tex 2008/11/23  (rcs-revision 1.13)
\pgf@max=\dimen136
\pgf@sys@shading@range@num=\count99
)
(/res1/software/texlive/current/texmf-dist/tex/generic/pgf/basiclayer/pgfcoreim
age.code.tex
File: pgfcoreimage.code.tex 2010/03/25  (rcs-revision 1.16)

(/res1/software/texlive/current/texmf-dist/tex/generic/pgf/basiclayer/pgfcoreex
ternal.code.tex
File: pgfcoreexternal.code.tex 2010/09/01  (rcs-revision 1.17)
\pgfexternal@startupbox=\box31
))
(/res1/software/texlive/current/texmf-dist/tex/generic/pgf/basiclayer/pgfcorela
yers.code.tex
File: pgfcorelayers.code.tex 2010/08/27  (rcs-revision 1.2)
)
(/res1/software/texlive/current/texmf-dist/tex/generic/pgf/basiclayer/pgfcoretr
ansparency.code.tex
File: pgfcoretransparency.code.tex 2008/01/17  (rcs-revision 1.2)
)
(/res1/software/texlive/current/texmf-dist/tex/generic/pgf/basiclayer/pgfcorepa
tterns.code.tex
File: pgfcorepatterns.code.tex 2009/07/02  (rcs-revision 1.3)
)))
(/res1/software/texlive/current/texmf-dist/tex/generic/pgf/modules/pgfmodulesha
pes.code.tex
File: pgfmoduleshapes.code.tex 2010/09/09  (rcs-revision 1.13)
\pgfnodeparttextbox=\box32
)
(/res1/software/texlive/current/texmf-dist/tex/generic/pgf/modules/pgfmoduleplo
t.code.tex
File: pgfmoduleplot.code.tex 2010/10/22  (rcs-revision 1.8)
)
(/res1/software/texlive/current/texmf-dist/tex/latex/pgf/compatibility/pgfcomp-
version-0-65.sty
Package: pgfcomp-version-0-65 2007/07/03 v2.10 (rcs-revision 1.7)
\pgf@nodesepstart=\dimen137
\pgf@nodesepend=\dimen138
)
(/res1/software/texlive/current/texmf-dist/tex/latex/pgf/compatibility/pgfcomp-
version-1-18.sty
Package: pgfcomp-version-1-18 2007/07/23 v2.10 (rcs-revision 1.1)
))
(/res1/software/texlive/current/texmf-dist/tex/latex/pgf/utilities/pgffor.sty
(/res1/software/texlive/current/texmf-dist/tex/latex/pgf/utilities/pgfkeys.sty
(/res1/software/texlive/current/texmf-dist/tex/generic/pgf/utilities/pgfkeys.co
de.tex))
(/res1/software/texlive/current/texmf-dist/tex/generic/pgf/utilities/pgffor.cod
e.tex
Package: pgffor 2010/03/23 v2.10 (rcs-revision 1.18)
\pgffor@iter=\dimen139
\pgffor@skip=\dimen140
\pgffor@stack=\toks23
\pgffor@toks=\toks24
))
(/res1/software/texlive/current/texmf-dist/tex/generic/pgf/frontendlayer/tikz/t
ikz.code.tex
Package: tikz 2010/10/13 v2.10 (rcs-revision 1.76)

(/res1/software/texlive/current/texmf-dist/tex/generic/pgf/libraries/pgflibrary
plothandlers.code.tex
File: pgflibraryplothandlers.code.tex 2010/05/31 v2.10 (rcs-revision 1.15)
\pgf@plot@mark@count=\count100
\pgfplotmarksize=\dimen141
)
\tikz@lastx=\dimen142
\tikz@lasty=\dimen143
\tikz@lastxsaved=\dimen144
\tikz@lastysaved=\dimen145
\tikzleveldistance=\dimen146
\tikzsiblingdistance=\dimen147
\tikz@figbox=\box33
\tikz@tempbox=\box34
\tikztreelevel=\count101
\tikznumberofchildren=\count102
\tikznumberofcurrentchild=\count103
\tikz@fig@count=\count104

(/res1/software/texlive/current/texmf-dist/tex/generic/pgf/modules/pgfmodulemat
rix.code.tex
File: pgfmodulematrix.code.tex 2010/08/24  (rcs-revision 1.4)
\pgfmatrixcurrentrow=\count105
\pgfmatrixcurrentcolumn=\count106
\pgf@matrix@numberofcolumns=\count107
)
\tikz@expandcount=\count108

(/res1/software/texlive/current/texmf-dist/tex/generic/pgf/frontendlayer/tikz/l
ibraries/tikzlibrarytopaths.code.tex
File: tikzlibrarytopaths.code.tex 2008/06/17 v2.10 (rcs-revision 1.2)
)))
(/res1/software/texlive/current/texmf-dist/tex/generic/pgf/frontendlayer/tikz/l
ibraries/tikzlibrarypositioning.code.tex
File: tikzlibrarypositioning.code.tex 2008/10/06 v2.10 (rcs-revision 1.7)
)
(/res1/software/texlive/current/texmf-dist/tex/latex/tools/calc.sty
Package: calc 2007/08/22 v4.3 Infix arithmetic (KKT,FJ)
\calc@Acount=\count109
\calc@Bcount=\count110
\calc@Adimen=\dimen148
\calc@Bdimen=\dimen149
\calc@Askip=\skip43
\calc@Bskip=\skip44
LaTeX Info: Redefining \setlength on input line 76.
LaTeX Info: Redefining \addtolength on input line 77.
\calc@Ccount=\count111
\calc@Cskip=\skip45
)
\c@@todonotes@numberoftodonotes=\count112
)
(/res1/software/texlive/current/texmf-dist/tex/latex/amsmath/amsmath.sty
Package: amsmath 2013/01/14 v2.14 AMS math features
\@mathmargin=\skip46

For additional information on amsmath, use the `?' option.
(/res1/software/texlive/current/texmf-dist/tex/latex/amsmath/amstext.sty
Package: amstext 2000/06/29 v2.01

(/res1/software/texlive/current/texmf-dist/tex/latex/amsmath/amsgen.sty
File: amsgen.sty 1999/11/30 v2.0
\@emptytoks=\toks25
\ex@=\dimen150
))
(/res1/software/texlive/current/texmf-dist/tex/latex/amsmath/amsbsy.sty
Package: amsbsy 1999/11/29 v1.2d
\pmbraise@=\dimen151
)
(/res1/software/texlive/current/texmf-dist/tex/latex/amsmath/amsopn.sty
Package: amsopn 1999/12/14 v2.01 operator names
)
\inf@bad=\count113
LaTeX Info: Redefining \frac on input line 210.
\uproot@=\count114
\leftroot@=\count115
LaTeX Info: Redefining \overline on input line 306.
\classnum@=\count116
\DOTSCASE@=\count117
LaTeX Info: Redefining \ldots on input line 378.
LaTeX Info: Redefining \dots on input line 381.
LaTeX Info: Redefining \cdots on input line 466.
\Mathstrutbox@=\box35
\strutbox@=\box36
\big@size=\dimen152
LaTeX Font Info:    Redeclaring font encoding OML on input line 566.
LaTeX Font Info:    Redeclaring font encoding OMS on input line 567.
\macc@depth=\count118
\c@MaxMatrixCols=\count119
\dotsspace@=\muskip10
\c@parentequation=\count120
\dspbrk@lvl=\count121
\tag@help=\toks26
\row@=\count122
\column@=\count123
\maxfields@=\count124
\andhelp@=\toks27
\eqnshift@=\dimen153
\alignsep@=\dimen154
\tagshift@=\dimen155
\tagwidth@=\dimen156
\totwidth@=\dimen157
\lineht@=\dimen158
\@envbody=\toks28
\multlinegap=\skip47
\multlinetaggap=\skip48
\mathdisplay@stack=\toks29
LaTeX Info: Redefining \[ on input line 2665.
LaTeX Info: Redefining \] on input line 2666.
)
(/res1/software/texlive/current/texmf-dist/tex/latex/doublestroke/dsfont.sty
Package: dsfont 1995/08/01 v0.1 Double stroke roman fonts
)
(/res1/software/texlive/current/texmf-dist/tex/generic/pgf/frontendlayer/tikz/l
ibraries/tikzlibraryintersections.code.tex
(/res1/software/texlive/current/texmf-dist/tex/generic/pgf/libraries/pgflibrary
intersections.code.tex
\pgf@intersect@solutions=\count125
))
(/res1/software/texlive/current/texmf-dist/tex/generic/pgf/frontendlayer/tikz/l
ibraries/tikzlibrarydecorations.pathreplacing.code.tex
(/res1/software/texlive/current/texmf-dist/tex/generic/pgf/frontendlayer/tikz/l
ibraries/tikzlibrarydecorations.code.tex
(/res1/software/texlive/current/texmf-dist/tex/generic/pgf/modules/pgfmoduledec
orations.code.tex
\pgfdecoratedcompleteddistance=\dimen159
\pgfdecoratedremainingdistance=\dimen160
\pgfdecoratedinputsegmentcompleteddistance=\dimen161
\pgfdecoratedinputsegmentremainingdistance=\dimen162
\pgf@decorate@distancetomove=\dimen163
\pgf@decorate@repeatstate=\count126
\pgfdecorationsegmentamplitude=\dimen164
\pgfdecorationsegmentlength=\dimen165
)
\tikz@lib@dec@box=\box37
)
(/res1/software/texlive/current/texmf-dist/tex/generic/pgf/libraries/decoration
s/pgflibrarydecorations.pathreplacing.code.tex))
(/res1/software/texlive/current/texmf-dist/tex/generic/pgf/frontendlayer/tikz/l
ibraries/tikzlibraryfit.code.tex
File: tikzlibraryfit.code.tex 2008/06/21 v2.10 (rcs-revision 1.3)
)
(/res1/software/texlive/current/texmf-dist/tex/generic/pgf/frontendlayer/tikz/l
ibraries/tikzlibrarycalc.code.tex
File: tikzlibrarycalc.code.tex 2009/09/04 v2.10 (rcs-revision 1.6)
)
(/res1/software/texlive/current/texmf-dist/tex/generic/pgf/frontendlayer/tikz/l
ibraries/tikzlibraryshapes.geometric.code.tex
File: tikzlibraryshapes.geometric.code.tex 2008/01/09 v2.10 (rcs-revision 1.1)

(/res1/software/texlive/current/texmf-dist/tex/generic/pgf/libraries/shapes/pgf
libraryshapes.geometric.code.tex
File: pgflibraryshapes.geometric.code.tex 2008/06/26 v2.10 (rcs-revision 1.1)
))
\pgf@layerbox@background=\box38
\pgf@layerboxsaved@background=\box39
) (./MLMIbook.aux)
\openout1 = `MLMIbook.aux'.

LaTeX Font Info:    Checking defaults for OML/cmm/m/it on input line 7.
LaTeX Font Info:    ... okay on input line 7.
LaTeX Font Info:    Checking defaults for T1/cmr/m/n on input line 7.
LaTeX Font Info:    ... okay on input line 7.
LaTeX Font Info:    Checking defaults for OT1/cmr/m/n on input line 7.
LaTeX Font Info:    ... okay on input line 7.
LaTeX Font Info:    Checking defaults for OMS/cmsy/m/n on input line 7.
LaTeX Font Info:    ... okay on input line 7.
LaTeX Font Info:    Checking defaults for OMX/cmex/m/n on input line 7.
LaTeX Font Info:    ... okay on input line 7.
LaTeX Font Info:    Checking defaults for U/cmr/m/n on input line 7.
LaTeX Font Info:    ... okay on input line 7.

(/res1/software/texlive/current/texmf-dist/tex/context/base/supp-pdf.mkii
[Loading MPS to PDF converter (version 2006.09.02).]
\scratchcounter=\count127
\scratchdimen=\dimen166
\scratchbox=\box40
\nofMPsegments=\count128
\nofMParguments=\count129
\everyMPshowfont=\toks30
\MPscratchCnt=\count130
\MPscratchDim=\dimen167
\MPnumerator=\count131
\makeMPintoPDFobject=\count132
\everyMPtoPDFconversion=\toks31
) ABD: EveryShipout initializing macros
(/res1/software/texlive/current/texmf-dist/tex/generic/oberdiek/pdftexcmds.sty
Package: pdftexcmds 2011/11/29 v0.20 Utility functions of pdfTeX for LuaTeX (HO
)

(/res1/software/texlive/current/texmf-dist/tex/generic/oberdiek/ifluatex.sty
Package: ifluatex 2010/03/01 v1.3 Provides the ifluatex switch (HO)
Package ifluatex Info: LuaTeX not detected.
)
(/res1/software/texlive/current/texmf-dist/tex/generic/oberdiek/ifpdf.sty
Package: ifpdf 2011/01/30 v2.3 Provides the ifpdf switch (HO)
Package ifpdf Info: pdfTeX in PDF mode is detected.
)
Package pdftexcmds Info: LuaTeX not detected.
Package pdftexcmds Info: \pdf@primitive is available.
Package pdftexcmds Info: \pdf@ifprimitive is available.
Package pdftexcmds Info: \pdfdraftmode found.
)
(/res1/software/texlive/current/texmf-dist/tex/latex/oberdiek/epstopdf-base.sty
Package: epstopdf-base 2010/02/09 v2.5 Base part for package epstopdf
(/res1/software/texlive/current/texmf-dist/tex/latex/oberdiek/grfext.sty
Package: grfext 2010/08/19 v1.1 Manage graphics extensions (HO)

(/res1/software/texlive/current/texmf-dist/tex/generic/oberdiek/kvdefinekeys.st
y
Package: kvdefinekeys 2011/04/07 v1.3 Define keys (HO)
)) (/res1/software/texlive/current/texmf-dist/tex/latex/oberdiek/kvoptions.sty
Package: kvoptions 2011/06/30 v3.11 Key value format for package options (HO)
(/res1/software/texlive/current/texmf-dist/tex/generic/oberdiek/kvsetkeys.sty
Package: kvsetkeys 2012/04/25 v1.16 Key value parser (HO)

(/res1/software/texlive/current/texmf-dist/tex/generic/oberdiek/etexcmds.sty
Package: etexcmds 2011/02/16 v1.5 Avoid name clashes with e-TeX commands (HO)
Package etexcmds Info: Could not find \expanded.
(etexcmds)             That can mean that you are not using pdfTeX 1.50 or
(etexcmds)             that some package has redefined \expanded.
(etexcmds)             In the latter case, load this package earlier.
)))
Package grfext Info: Graphics extension search list:
(grfext)             [.png,.pdf,.jpg,.mps,.jpeg,.jbig2,.jb2,.PNG,.PDF,.JPG,.JPE
G,.JBIG2,.JB2,.eps]
(grfext)             \AppendGraphicsExtensions on input line 452.

(/res1/software/texlive/current/texmf-dist/tex/latex/latexconfig/epstopdf-sys.c
fg
File: epstopdf-sys.cfg 2010/07/13 v1.3 Configuration of (r)epstopdf for TeX Liv
e
))
Chapter 1.
[1


{/res1/software/texlive/current/texmf-var/fonts/map/pdftex/updmap/pdftex.map}] 
(./figures/rbmoverview.tex
Underfull \hbox (badness 10000) in paragraph at lines 24--24
 [][][][][] 
 []


Underfull \hbox (badness 10000) in paragraph at lines 25--25
 [][][][][] 
 []


Underfull \hbox (badness 2343) in paragraph at lines 26--26
 [][][][][] 
 []

)
LaTeX Font Info:    Try loading font information for U+dsrom on input line 92.
 (/res1/software/texlive/current/texmf-dist/tex/latex/doublestroke/Udsrom.fd
File: Udsrom.fd 1995/08/01 v0.1 Double stroke roman font definitions
)
[2]

LaTeX Warning: Citation `Hinton2002' on page 3 undefined on input line 147.


LaTeX Warning: Citation `Hinton_2010' on page 3 undefined on input line 152.

[3] [4]
LaTeX Font Info:    Try loading font information for OMS+cmr on input line 218.

 (/res1/software/texlive/current/texmf-dist/tex/latex/base/omscmr.fd
File: omscmr.fd 1999/05/25 v2.5h Standard LaTeX font definitions
)
LaTeX Font Info:    Font shape `OMS/cmr/m/n' in size <10> not available
(Font)              Font shape `OMS/cmsy/m/n' tried instead on input line 218.

[5] [6] (./MLMIbook.aux)

LaTeX Warning: There were undefined references.

 ) 
Here is how much of TeX's memory you used:
 12287 strings out of 493311
 243200 string characters out of 6134749
 291043 words of memory out of 5000000
 15457 multiletter control sequences out of 15000+600000
 12768 words of font info for 47 fonts, out of 8000000 for 9000
 957 hyphenation exceptions out of 8191
 65i,14n,61p,444b,754s stack positions out of 5000i,500n,10000p,200000b,80000s
</res1/software/texlive/current/texmf-dist/fonts/type1/public/amsfonts/cm/cmb
x10.pfb></res1/software/texlive/current/texmf-dist/fonts/type1/public/amsfonts/
cm/cmbx12.pfb></res1/software/texlive/current/texmf-dist/fonts/type1/public/ams
fonts/cm/cmbx7.pfb></res1/software/texlive/current/texmf-dist/fonts/type1/publi
c/amsfonts/cm/cmbx9.pfb></res1/software/texlive/current/texmf-dist/fonts/type1/
public/amsfonts/cm/cmex10.pfb></res1/software/texlive/current/texmf-dist/fonts/
type1/public/amsfonts/cm/cmmi10.pfb></res1/software/texlive/current/texmf-dist/
fonts/type1/public/amsfonts/cm/cmmi7.pfb></res1/software/texlive/current/texmf-
dist/fonts/type1/public/amsfonts/cm/cmmi9.pfb></res1/software/texlive/current/t
exmf-dist/fonts/type1/public/amsfonts/cm/cmmib10.pfb></res1/software/texlive/cu
rrent/texmf-dist/fonts/type1/public/amsfonts/cmextra/cmmib7.pfb></res1/software
/texlive/current/texmf-dist/fonts/type1/public/amsfonts/cm/cmr10.pfb></res1/sof
tware/texlive/current/texmf-dist/fonts/type1/public/amsfonts/cm/cmr6.pfb></res1
/software/texlive/current/texmf-dist/fonts/type1/public/amsfonts/cm/cmr7.pfb></
res1/software/texlive/current/texmf-dist/fonts/type1/public/amsfonts/cm/cmss9.p
fb></res1/software/texlive/current/texmf-dist/fonts/type1/public/amsfonts/cm/cm
sy10.pfb></res1/software/texlive/current/texmf-dist/fonts/type1/public/amsfonts
/cm/cmsy7.pfb></res1/software/texlive/current/texmf-dist/fonts/type1/public/dou
blestroke/dsrom10.pfb>
Output written on MLMIbook.pdf (6 pages, 177547 bytes).
PDF statistics:
 94 PDF objects out of 1000 (max. 8388607)
 68 compressed objects within 1 object stream
 0 named destinations out of 1000 (max. 500000)
 13 words of extra memory for PDF output out of 10000 (max. 10000000)

